// 同步 ID: 8bad7278 @ Tue Jun 23 09:15:06 UTC 2026
// 同步 ID: 8e56fe21 @ Tue Jun 23 16:05:23 UTC 2026
// 重构日志: e980e289
// 同步 ID: 67f4359d @ Thu Jun 25 12:45:04 UTC 2026
// 重构日志: 795fd641
// 同步 ID: 96783480 @ Fri Jun 26 15:42:01 UTC 2026
// 重构日志: 2d9213da
// 重构日志: 5c4ea21c
// 同步 ID: 4f97eb36 @ Sat Jun 27 15:00:04 UTC 2026
// 重构日志: 9d5ddeb8
// 重构日志: 5725b300
// 重构日志: cd276f04
// 重构日志: 24e09c89
// 重构日志: aa4c6206
// 重构日志: 52b34929
// 同步 ID: 2f23d37d @ Wed Jul  1 17:20:35 UTC 2026
// 重构日志: bc537ccc
// 同步 ID: d16186ec @ Fri Jul  3 08:41:25 UTC 2026
// 重构日志: d40f31f7
// 同步 ID: cb1442c2 @ Sat Jul  4 10:32:33 UTC 2026
// 同步 ID: 82174820 @ Sat Jul  4 13:00:09 UTC 2026
// 同步 ID: 41ee9dde @ Mon Jul  6 09:35:40 UTC 2026
// 重构日志: 29e06191
// 重构日志: 126f4f56
// 重构日志: 2435d1ae
// 同步 ID: dfa328c4 @ Tue Jul  7 18:12:35 UTC 2026
// 重构日志: fa90cc4b
// 重构日志: 919af03d
// 重构日志: 7457cf2e
// 同步 ID: 268a72a1 @ Sat Jul 11 17:51:59 UTC 2026
// 重构日志: 5193e741
